2024-05-11 16:39:44,557 INFO [main] INFO  c.e.d.ProductManageSiteServiceForHandsOnApplication - Starting ProductManageSiteServiceForHandsOnApplication on STORM-PC with PID 17300 (C:\Users\mytum\GitHub\udemy-angular2\api\ProductManageService-1.0.0.war started by mytum in C:\Users\mytum\GitHub\udemy-angular2\api)
2024-05-11 16:39:44,560 INFO [main] INFO  c.e.d.ProductManageSiteServiceForHandsOnApplication - No active profile set, falling back to default profiles: default
2024-05-11 16:39:46,235 INFO [main] INFO  o.s.b.w.e.tomcat.TomcatWebServer - Tomcat initialized with port(s): 8080 (http)
2024-05-11 16:39:46,245 INFO [main] INFO  o.a.catalina.core.StandardService - Starting service [Tomcat]
2024-05-11 16:39:46,246 INFO [main] INFO  o.a.catalina.core.StandardEngine - Starting Servlet engine: [Apache Tomcat/9.0.41]
2024-05-11 16:39:46,950 INFO [main] INFO  o.a.c.c.C.[Tomcat].[localhost].[/] - Initializing Spring embedded WebApplicationContext
2024-05-11 16:39:46,950 INFO [main] INFO  o.s.b.w.s.c.ServletWebServerApplicationContext - Root WebApplicationContext: initialization completed in 2331 ms
2024-05-11 16:39:47,824 INFO [main] INFO  o.s.s.w.DefaultSecurityFilterChain - Creating filter chain: Ant [pattern='/*'], []
2024-05-11 16:39:47,824 INFO [main] INFO  o.s.s.w.DefaultSecurityFilterChain - Creating filter chain: Ant [pattern='/assets/i18n/*'], []
2024-05-11 16:39:47,859 INFO [main] INFO  o.s.s.w.DefaultSecurityFilterChain - Creating filter chain: any request, [org.springframework.security.web.context.request.async.WebAsyncManagerIntegrationFilter@60acd609, org.springframework.security.web.context.SecurityContextPersistenceFilter@d5ce97f, org.springframework.security.web.header.HeaderWriterFilter@1023150a, org.springframework.security.web.csrf.CsrfFilter@385e36d4, org.springframework.security.web.authentication.logout.LogoutFilter@62566842, org.springframework.security.web.authentication.www.BasicAuthenticationFilter@7b4acdc2, org.springframework.security.web.savedrequest.RequestCacheAwareFilter@e3994ef, org.springframework.security.web.servletapi.SecurityContextHolderAwareRequestFilter@724c5cbe, org.springframework.security.web.authentication.AnonymousAuthenticationFilter@65ec8b24, org.springframework.security.web.session.SessionManagementFilter@1b7cae6f, org.springframework.security.web.access.ExceptionTranslationFilter@56ac5c80, org.springframework.security.web.access.intercept.FilterSecurityInterceptor@2264e43c]
2024-05-11 16:39:47,879 INFO [main] INFO  s.d.s.w.PropertySourcedRequestMappingHandlerMapping - Mapped URL path [/v2/api-docs] onto method [springfox.documentation.swagger2.web.Swagger2Controller#getDocumentation(String, HttpServletRequest)]
2024-05-11 16:39:48,023 INFO [main] INFO  o.s.s.c.ThreadPoolTaskExecutor - Initializing ExecutorService 'applicationTaskExecutor'
2024-05-11 16:39:48,235 INFO [main] INFO  o.f.c.i.license.VersionPrinter - Flyway Community Edition 6.0.8 by Redgate
2024-05-11 16:39:48,250 INFO [main] INFO  com.zaxxer.hikari.HikariDataSource - HikariPool-1 - Starting...
2024-05-11 16:39:48,466 INFO [main] INFO  com.zaxxer.hikari.HikariDataSource - HikariPool-1 - Start completed.
2024-05-11 16:39:48,487 INFO [main] INFO  o.f.c.i.database.DatabaseFactory - Database: jdbc:h2:file:./h2db/sampledb (H2 1.4)
2024-05-11 16:39:48,510 WARN [main] WARN  o.f.c.i.database.base.Database - Flyway upgrade recommended: H2 1.4.200 is newer than this version of Flyway and support has not been tested. The latest supported version of H2 is 1.4.199.
2024-05-11 16:39:48,539 INFO [main] INFO  o.f.c.internal.command.DbValidate - Successfully validated 3 migrations (execution time 00:00.017s)
2024-05-11 16:39:48,550 INFO [main] INFO  o.f.c.i.s.JdbcTableSchemaHistory - Creating Schema History table "PUBLIC"."flyway_schema_history" ...
2024-05-11 16:39:48,579 INFO [main] INFO  o.f.core.internal.command.DbMigrate - Current version of schema "PUBLIC": << Empty Schema >>
2024-05-11 16:39:48,583 INFO [main] INFO  o.f.core.internal.command.DbMigrate - Migrating schema "PUBLIC" to version 1 - create schema for spring session
2024-05-11 16:39:48,603 INFO [main] INFO  o.f.core.internal.command.DbMigrate - Migrating schema "PUBLIC" to version 2 - create schema for domain
2024-05-11 16:39:48,635 INFO [main] INFO  o.f.core.internal.command.DbMigrate - Migrating schema "PUBLIC" to version 3 - import-initial-data
2024-05-11 16:39:48,651 INFO [main] INFO  o.f.core.internal.command.DbMigrate - Successfully applied 3 migrations to schema "PUBLIC" (execution time 00:00.076s)
2024-05-11 16:39:48,748 INFO [main] INFO  s.d.s.w.p.DocumentationPluginsBootstrapper - Context refreshed
2024-05-11 16:39:48,778 INFO [main] INFO  s.d.s.w.p.DocumentationPluginsBootstrapper - Found 1 custom documentation plugin(s)
2024-05-11 16:39:48,853 INFO [main] INFO  s.d.s.w.s.ApiListingReferenceScanner - Scanning for api listing references
2024-05-11 16:39:49,053 INFO [main] INFO  o.s.b.w.e.tomcat.TomcatWebServer - Tomcat started on port(s): 8080 (http) with context path ''
2024-05-11 16:39:49,057 INFO [main] INFO  c.e.d.ProductManageSiteServiceForHandsOnApplication - Started ProductManageSiteServiceForHandsOnApplication in 5.024 seconds (JVM running for 5.465)
2024-05-11 16:40:00,498 INFO [SpringContextShutdownHook] INFO  o.s.s.c.ThreadPoolTaskExecutor - Shutting down ExecutorService 'applicationTaskExecutor'
2024-05-11 16:40:00,502 INFO [SpringContextShutdownHook] INFO  com.zaxxer.hikari.HikariDataSource - HikariPool-1 - Shutdown initiated...
2024-05-11 16:40:00,506 INFO [SpringContextShutdownHook] INFO  com.zaxxer.hikari.HikariDataSource - HikariPool-1 - Shutdown completed.
